[T 11:05:07 5596] Reading configuration file C:\Users\PenTester02\Downloads\Course.LibraryManagement-master\Course.LibraryManagement-master\LibraryManagement\csharp-db\working\tracing\compiler-tracing11231949883029813355.spec...
[T 11:05:07 5596] Initialising tags...
[T 11:05:07 5596] ID set to 00000000000015DC_0000000000000001 (parent root)
[T 11:05:07 5596] Reading configuration file C:\Users\PenTester02\Downloads\Course.LibraryManagement-master\Course.LibraryManagement-master\LibraryManagement\csharp-db\working\tracing\compiler-tracing11231949883029813355.spec...
[T 11:05:07 5596] Compilers file as of 2021-11-19 11:05:07
[T 11:05:07 5596] Compiler pattern: **\moles*.exe
[T 11:05:07 5596] Replace intercepted call: 0
[T 11:05:07 5596] Extractor: <null>
[T 11:05:07 5596] Compilers file as of 2021-11-19 11:05:07
[T 11:05:07 5596] Compiler pattern: **\fakes*.exe
[T 11:05:07 5596] Replace intercepted call: 0
[T 11:05:07 5596] Extractor: <null>
[T 11:05:07 5596] Compilers file as of 2021-11-19 11:05:07
[T 11:05:07 5596] Compiler pattern: **\csc*.exe
[T 11:05:07 5596] Replace intercepted call: 0
[T 11:05:07 5596] Extractor: C:\Users\PenTester02\Downloads\codeql-bundle-win64\codeql\csharp\tools\win64\Semmle.Extraction.CSharp.Driver.exe
[T 11:05:07 5596] Prepend[0] "--compiler"
[T 11:05:07 5596] Prepend[1] ""${compiler}""
[T 11:05:07 5596] Prepend[2] "--cil"
[T 11:05:07 5596] Compilers file as of 2021-11-19 11:05:07
[T 11:05:07 5596] Compiler pattern: **\dotnet.exe
[T 11:05:07 5596] Replace intercepted call: 0
[T 11:05:07 5596] Extractor: C:\Users\PenTester02\Downloads\codeql-bundle-win64\codeql\csharp\tools\win64\Semmle.Extraction.CSharp.Driver.exe
[T 11:05:07 5596] Prepend[0] "--dotnetexec"
[T 11:05:07 5596] Prepend[1] "--cil"
[T 11:05:07 5596] Initialising tags...
[T 11:05:07 5596] ID set to 00000000000015DC_0000000000000002 (parent root)
[T 11:05:07 5596] ==== Candidate to intercept: C:\Users\PenTester02\Downloads\codeql-bundle-win64\codeql\tools\win64\runner.exe ====
[T 11:05:07 4356] Reading configuration file C:\Users\PenTester02\Downloads\Course.LibraryManagement-master\Course.LibraryManagement-master\LibraryManagement\csharp-db\working\tracing\compiler-tracing11231949883029813355.spec...
[T 11:05:07 4356] Initialising tags...
[T 11:05:07 4356] ID set to 0000000000001104_0000000000000001 (parent 00000000000015DC_0000000000000001)
[T 11:05:08 4356] ==== Candidate to intercept: C:\Windows\System32\cmd.exe ====
[T 11:05:08 3232] Reading configuration file C:\Users\PenTester02\Downloads\Course.LibraryManagement-master\Course.LibraryManagement-master\LibraryManagement\csharp-db\working\tracing\compiler-tracing11231949883029813355.spec...
[T 11:05:08 3232] Initialising tags...
[T 11:05:08 3232] ID set to 0000000000000CA0_0000000000000001 (parent 0000000000001104_0000000000000001)
[T 11:05:08 3232] ==== Candidate to intercept: C:\Users\PenTester02\Downloads\codeql-bundle-win64\codeql\csharp\tools\win64\Semmle.Autobuild.CSharp.exe ====
[T 11:05:08 11252] Reading configuration file C:\Users\PenTester02\Downloads\Course.LibraryManagement-master\Course.LibraryManagement-master\LibraryManagement\csharp-db\working\tracing\compiler-tracing11231949883029813355.spec...
[T 11:05:08 11252] Initialising tags...
[T 11:05:08 11252] ID set to 0000000000002BF4_0000000000000001 (parent 0000000000000CA0_0000000000000001)
[T 11:05:08 11252] ==== Candidate to intercept: C:\Windows\System32\cmd.exe ====
[T 11:05:08 2608] Reading configuration file C:\Users\PenTester02\Downloads\Course.LibraryManagement-master\Course.LibraryManagement-master\LibraryManagement\csharp-db\working\tracing\compiler-tracing11231949883029813355.spec...
[T 11:05:08 2608] Initialising tags...
[T 11:05:08 2608] ID set to 0000000000000A30_0000000000000001 (parent 0000000000002BF4_0000000000000001)
[T 11:05:08 2608] ==== Candidate to intercept: C:\Program Files\dotnet\dotnet.exe ====
[T 11:05:08 2608] === Intercepted call to C:\Program Files\dotnet\dotnet.exe === 
Semmle.Extraction.CSharp.Driver: called with --dotnetexec, --cil, --info
Semmle.Extraction.CSharp.Driver: not a compiler invocation
aster\LibraryManagement\csharp-db\working\tracing\compiler-tracing11231949883029813355.spec...
[T 11:05:08 2168] Initialising tags...
[T 11:05:08 2168] ID set to 0000000000000878_0000000000000001 (parent 0000000000000A30_0000000000000001)
[T 11:05:08 11044] Reading configuration file C:\Users\PenTester02\Downloads\Course.LibraryManagement-master\Course.LibraryManagement-master\LibraryManagement\csharp-db\working\tracing\compiler-tracing11231949883029813355.spec...
[T 11:05:08 11044] Initialising tags...
[T 11:05:08 11044] ID set to 0000000000002B24_0000000000000001 (parent 0000000000000A30_0000000000000001)
[T 11:05:08 11252] ==== Candidate to intercept: C:\Windows\System32\cmd.exe ====
[T 11:05:08 3844] Reading configuration file C:\Users\PenTester02\Downloads\Course.LibraryManagement-master\Course.LibraryManagement-master\LibraryManagement\csharp-db\working\tracing\compiler-tracing11231949883029813355.spec...
[T 11:05:08 3844] Initialising tags...
[T 11:05:08 3844] ID set to 0000000000000F04_0000000000000001 (parent 0000000000002BF4_0000000000000001)
[T 11:05:08 3844] ==== Candidate to intercept: C:\Program Files\dotnet\dotnet.exe ====
[T 11:05:08 3844] === Intercepted call to C:\Program Files\dotnet\dotnet.exe === 
Semmle.Extraction.CSharp.Driver: called with --dotnetexec, --cil, clean, C:\Users\PenTester02\Downloads\Course.LibraryManagement-master\Course.LibraryManagement-master\LibraryManagement\LibraryManagement.csproj
Semmle.Extraction.CSharp.Driver: not a compiler invocation
 11:05:09 1364] ID set to 0000000000000554_0000000000000001 (parent 0000000000000F04_0000000000000001)
[T 11:05:09 1112] Reading configuration file C:\Users\PenTester02\Downloads\Course.LibraryManagement-master\Course.LibraryManagement-master\LibraryManagement\csharp-db\working\tracing\compiler-tracing11231949883029813355.spec...
[T 11:05:09 1112] Initialising tags...
[T 11:05:09 1112] ID set to 0000000000000458_0000000000000001 (parent 0000000000000F04_0000000000000001)
[T 11:05:09 1112] ==== Candidate to intercept: C:\Program Files\dotnet\dotnet.exe ====
[T 11:05:09 1112] === Intercepted call to C:\Program Files\dotnet\dotnet.exe === 
Semmle.Extraction.CSharp.Driver: called with --dotnetexec, --cil, exec, C:\Program Files\dotnet\sdk\5.0.300\MSBuild.dll, -maxcpucount, -verbosity:m, -verbosity:normal, C:\Users\PenTester02\Downloads\Course.LibraryManagement-master\Course.LibraryManagement-master\LibraryManagement\LibraryManagement.csproj, -target:Clean, -distributedlogger:Microsoft.DotNet.Tools.MSBuild.MSBuildLogger,C:\Program Files\dotnet\sdk\5.0.300\dotnet.dll*Microsoft.DotNet.Tools.MSBuild.MSBuildForwardingLogger,C:\Program Files\dotnet\sdk\5.0.300\dotnet.dll
Semmle.Extraction.CSharp.Driver: not a compiler invocation
[T 11:05:09 7364] Reading configuration file C:\Users\PenTester02\Downloads\Course.LibraryManagement-master\Course.LibraryManagement-master\LibraryManagement\csharp-db\working\tracing\compiler-tracing11231949883029813355.spec...
[T 11:05:09 7364] Initialising tags...
[T 11:05:09 7364] ID set to 0000000000001CC4_0000000000000001 (parent 0000000000000458_0000000000000001)
[T 11:05:12 11252] ==== Candidate to intercept: C:\Windows\System32\cmd.exe ====
[T 11:05:12 10272] Reading configuration file C:\Users\PenTester02\Downloads\Course.LibraryManagement-master\Course.LibraryManagement-master\LibraryManagement\csharp-db\working\tracing\compiler-tracing11231949883029813355.spec...
[T 11:05:12 10272] Initialising tags...
[T 11:05:12 10272] ID set to 0000000000002820_0000000000000001 (parent 0000000000002BF4_0000000000000001)
[T 11:05:12 10272] ==== Candidate to intercept: C:\Program Files\dotnet\dotnet.exe ====
[T 11:05:12 10272] === Intercepted call to C:\Program Files\dotnet\dotnet.exe === 
Semmle.Extraction.CSharp.Driver: called with --dotnetexec, --cil, restore, C:\Users\PenTester02\Downloads\Course.LibraryManagement-master\Course.LibraryManagement-master\LibraryManagement\LibraryManagement.csproj
Semmle.Extraction.CSharp.Driver: not a compiler invocation
1:05:12 4404] ID set to 0000000000001134_0000000000000001 (parent 0000000000002820_0000000000000001)
[T 11:05:12 3948] Reading configuration file C:\Users\PenTester02\Downloads\Course.LibraryManagement-master\Course.LibraryManagement-master\LibraryManagement\csharp-db\working\tracing\compiler-tracing11231949883029813355.spec...
[T 11:05:12 3948] Initialising tags...
[T 11:05:12 3948] ID set to 0000000000000F6C_0000000000000001 (parent 0000000000002820_0000000000000001)
[T 11:05:12 3948] ==== Candidate to intercept: C:\Program Files\dotnet\dotnet.exe ====
[T 11:05:12 3948] === Intercepted call to C:\Program Files\dotnet\dotnet.exe === 
Semmle.Extraction.CSharp.Driver: called with --dotnetexec, --cil, exec, C:\Program Files\dotnet\sdk\5.0.300\MSBuild.dll, -maxcpucount, -verbosity:m, -nologo, -target:Restore, C:\Users\PenTester02\Downloads\Course.LibraryManagement-master\Course.LibraryManagement-master\LibraryManagement\LibraryManagement.csproj, -distributedlogger:Microsoft.DotNet.Tools.MSBuild.MSBuildLogger,C:\Program Files\dotnet\sdk\5.0.300\dotnet.dll*Microsoft.DotNet.Tools.MSBuild.MSBuildForwardingLogger,C:\Program Files\dotnet\sdk\5.0.300\dotnet.dll
Semmle.Extraction.CSharp.Driver: not a compiler invocation
[T 11:05:13 10424] Reading configuration file C:\Users\PenTester02\Downloads\Course.LibraryManagement-master\Course.LibraryManagement-master\LibraryManagement\csharp-db\working\tracing\compiler-tracing11231949883029813355.spec...
[T 11:05:13 10424] Initialising tags...
[T 11:05:13 10424] ID set to 00000000000028B8_0000000000000001 (parent 0000000000000F6C_0000000000000001)
[T 11:05:52 11252] ==== Candidate to intercept: C:\Windows\System32\cmd.exe ====
[T 11:05:52 4160] Reading configuration file C:\Users\PenTester02\Downloads\Course.LibraryManagement-master\Course.LibraryManagement-master\LibraryManagement\csharp-db\working\tracing\compiler-tracing11231949883029813355.spec...
[T 11:05:52 4160] Initialising tags...
[T 11:05:52 4160] ID set to 0000000000001040_0000000000000001 (parent 0000000000002BF4_0000000000000001)
[T 11:05:52 4160] ==== Candidate to intercept: C:\Program Files\dotnet\dotnet.exe ====
[T 11:05:52 4160] === Intercepted call to C:\Program Files\dotnet\dotnet.exe === 
Semmle.Extraction.CSharp.Driver: called with --dotnetexec, --cil, build, --no-incremental, /p:UseSharedCompilation=false, C:\Users\PenTester02\Downloads\Course.LibraryManagement-master\Course.LibraryManagement-master\LibraryManagement\LibraryManagement.csproj
Semmle.Extraction.CSharp.Driver: not a compiler invocation
0000000001 (parent 0000000000001040_0000000000000001)
[T 11:05:52 9992] Reading configuration file C:\Users\PenTester02\Downloads\Course.LibraryManagement-master\Course.LibraryManagement-master\LibraryManagement\csharp-db\working\tracing\compiler-tracing11231949883029813355.spec...
[T 11:05:52 9992] Initialising tags...
[T 11:05:52 9992] ID set to 0000000000002708_0000000000000001 (parent 0000000000001040_0000000000000001)
[T 11:05:52 9992] ==== Candidate to intercept: C:\Program Files\dotnet\dotnet.exe ====
[T 11:05:52 9992] === Intercepted call to C:\Program Files\dotnet\dotnet.exe === 
Semmle.Extraction.CSharp.Driver: called with --dotnetexec, --cil, exec, C:\Program Files\dotnet\sdk\5.0.300\MSBuild.dll, -maxcpucount, -verbosity:m, -restore, -consoleloggerparameters:Summary, -target:Rebuild, /p:UseSharedCompilation=false, C:\Users\PenTester02\Downloads\Course.LibraryManagement-master\Course.LibraryManagement-master\LibraryManagement\LibraryManagement.csproj, -distributedlogger:Microsoft.DotNet.Tools.MSBuild.MSBuildLogger,C:\Program Files\dotnet\sdk\5.0.300\dotnet.dll*Microsoft.DotNet.Tools.MSBuild.MSBuildForwardingLogger,C:\Program Files\dotnet\sdk\5.0.300\dotnet.dll
Semmle.Extraction.CSharp.Driver: not a compiler invocation
[T 11:05:53 7204] Reading configuration file C:\Users\PenTester02\Downloads\Course.LibraryManagement-master\Course.LibraryManagement-master\LibraryManagement\csharp-db\working\tracing\compiler-tracing11231949883029813355.spec...
[T 11:05:53 7204] Initialising tags...
[T 11:05:53 7204] ID set to 0000000000001C24_0000000000000001 (parent 0000000000002708_0000000000000001)
[T 11:05:57 7204] ==== Candidate to intercept: C:\Users\PenTester02\Downloads\codeql-bundle-win64\codeql\csharp\tools\win64\Semmle.Extraction.CSharp.Driver.exe ====
[T 11:05:57 540] Reading configuration file C:\Users\PenTester02\Downloads\Course.LibraryManagement-master\Course.LibraryManagement-master\LibraryManagement\csharp-db\working\tracing\compiler-tracing11231949883029813355.spec...
[T 11:05:57 540] Initialising tags...
[T 11:05:57 540] ID set to 000000000000021C_0000000000000001 (parent 0000000000001C24_0000000000000001)
[T 11:06:53 7204] ==== Candidate to intercept: C:\Program Files\dotnet\dotnet.exe ====
[T 11:06:53 7204] === Intercepted call to C:\Program Files\dotnet\dotnet.exe === 
Semmle.Extraction.CSharp.Driver: called with --dotnetexec, --cil, exec, C:\Program Files\dotnet\sdk\5.0.300\Roslyn\bincore\csc.dll, /noconfig, @C:\Users\PenTester02\AppData\Local\Temp\tmp4c3fe908e19e458caf4250bb479a13bb.rsp
...
[T 11:06:53 6104] Initialising tags...
[T 11:06:53 6104] ID set to 00000000000017D8_0000000000000001 (parent 0000000000001C24_0000000000000001)
[T 11:06:53 3712] Reading configuration file C:\Users\PenTester02\Downloads\Course.LibraryManagement-master\Course.LibraryManagement-master\LibraryManagement\csharp-db\working\tracing\compiler-tracing11231949883029813355.spec...
[T 11:06:53 3712] Initialising tags...
[T 11:06:53 3712] ID set to 0000000000000E80_0000000000000001 (parent 0000000000001C24_0000000000000001)
